16:22:07,071  INFO RuleTest:55 - Message [id=2, kieBase=fraud-detection-scenario, level=ERROR, path=FraudScenario.drl, line=0, column=0
   text=Parser returned a null Package]
16:22:07,086  INFO RuleTest:58 - Creating kieBase
16:22:07,133 DEBUG KnowledgeBaseImpl:196 - Starting Engine in PHREAK mode
16:22:07,149  INFO RuleTest:64 - There should be rules: 
16:22:07,149  INFO RuleTest:71 - Creating kieSession
16:22:07,211  INFO RuleTest:81 - Now running data
16:22:07,211 DEBUG SCENELogger:20 - INSERT - co.pextra.fraud.Client@123a3a0
16:22:07,211 DEBUG SCENELogger:20 - INSERT - co.pextra.fraud.TransactionEvent@18792db
16:22:07,211 DEBUG SCENELogger:20 - INSERT - co.pextra.fraud.TransactionEvent@bc21ac
16:22:07,211 DEBUG SCENELogger:20 - INSERT - co.pextra.fraud.TransactionEvent@13dfb8e
16:22:07,211 DEBUG SCENELogger:20 - INSERT - co.pextra.fraud.TransactionEvent@125e6bb
16:22:07,211 DEBUG SCENELogger:20 - INSERT - co.pextra.fraud.TransactionEvent@e5a68e
16:22:07,211 DEBUG SCENELogger:20 - INSERT - co.pextra.fraud.TransactionEvent@1d157ff
16:22:07,211 DEBUG SCENELogger:20 - INSERT - co.pextra.fraud.TransactionEvent@1162cc0
16:22:07,227 DEBUG SCENELogger:20 - INSERT - co.pextra.fraud.TransactionEvent@1f417a7
16:22:07,227 DEBUG SCENELogger:20 - INSERT - co.pextra.fraud.TransactionEvent@41b41
16:22:07,227 DEBUG SCENELogger:20 - INSERT - co.pextra.fraud.TransactionEvent@169d591
16:22:07,227 DEBUG SCENELogger:20 - INSERT - co.pextra.fraud.TransactionEvent@1078690
16:22:07,227 DEBUG SCENELogger:20 - INSERT - co.pextra.fraud.TransactionEvent@b3ec38
16:22:07,227 DEBUG SCENELogger:20 - INSERT - co.pextra.fraud.TransactionEvent@3132fc
16:22:07,227 DEBUG SCENELogger:20 - INSERT - co.pextra.fraud.TransactionEvent@1c5b236
16:22:07,227 DEBUG SCENELogger:20 - INSERT - co.pextra.fraud.TransactionEvent@ab9998
16:22:07,227 DEBUG SCENELogger:20 - INSERT - co.pextra.fraud.Client@17a7219
16:22:07,227 DEBUG SCENELogger:20 - INSERT - co.pextra.fraud.TransactionEvent@9513d8
16:22:07,227 DEBUG SCENELogger:20 - INSERT - co.pextra.fraud.TransactionEvent@1d593e
16:22:07,227 DEBUG SCENELogger:20 - INSERT - co.pextra.fraud.Client@8a60bc
16:24:10,216  INFO ClasspathKieProject:131 - Found kmodule: file:/C:/Users/berna/Documents/fraud-scenario/target/classes/META-INF/kmodule.xml
16:24:10,232 DEBUG ClasspathKieProject:400 - KieModule URL type=file url=/C:/Users/berna/Documents/fraud-scenario/target/classes
16:24:10,482  WARN ClasspathKieProject:289 - Unable to find pom.properties in /C:/Users/berna/Documents/fraud-scenario/target/classes
16:24:10,482  INFO ClasspathKieProject:331 - Recursed up folders, found and used pom.xml C:\Users\berna\Documents\fraud-scenario\pom.xml
16:24:10,497 DEBUG ClasspathKieProject:118 - Discovered classpath module co.pextra:fraud-detection-scenario:1.0-SNAPSHOT
16:24:10,497  INFO KieRepositoryImpl:113 - KieModule was added: FileKieModule[releaseId=co.pextra:fraud-detection-scenario:1.0-SNAPSHOT,file=C:\Users\berna\Documents\fraud-scenario\target\classes]
16:24:10,497  INFO ClasspathKieProject:131 - Found kmodule: jar:file:/C:/Users/berna/.m2/repository/br/ufes/inf/lprm/scene-core/1.1.1/scene-core-1.1.1.jar!/META-INF/kmodule.xml
16:24:10,497 DEBUG ClasspathKieProject:400 - KieModule URL type=jar url=/C:/Users/berna/.m2/repository/br/ufes/inf/lprm/scene-core/1.1.1/scene-core-1.1.1.jar
16:24:10,513  WARN ClasspathKieProject:261 - Unable to find pom.properties in /C:/Users/berna/.m2/repository/br/ufes/inf/lprm/scene-core/1.1.1/scene-core-1.1.1.jar
16:24:10,513  WARN ClasspathKieProject:231 - Unable to load pom.properties from/C:/Users/berna/.m2/repository/br/ufes/inf/lprm/scene-core/1.1.1/scene-core-1.1.1.jar
16:24:10,513  WARN ClasspathKieProject:185 - Cannot find maven pom properties for this project. Using the container's default ReleaseId
16:24:10,513 DEBUG ClasspathKieProject:118 - Discovered classpath module org.default:artifact:1.0.0-SNAPSHOT
16:24:10,513  INFO KieRepositoryImpl:113 - KieModule was added: ZipKieModule[releaseId=org.default:artifact:1.0.0-SNAPSHOT,file=C:\Users\berna\.m2\repository\br\ufes\inf\lprm\scene-core\1.1.1\scene-core-1.1.1.jar]
16:24:11,786 ERROR AbstractKieModule:250 - Unable to build KieBaseModel:fraud-detection-scenario
[74,29]: [ERR 102] Line 74:29 mismatched input '=' in rule "More than 3 suspicious cases in the day and we warn the owner"
[0,0]: Parser returned a null Package

16:24:11,957  INFO RuleTest:55 - Message [id=1, kieBase=fraud-detection-scenario, level=ERROR, path=FraudScenario.drl, line=74, column=0
   text=[ERR 102] Line 74:29 mismatched input '=' in rule "More than 3 suspicious cases in the day and we warn the owner"]
16:24:11,957  INFO RuleTest:55 - Message [id=2, kieBase=fraud-detection-scenario, level=ERROR, path=FraudScenario.drl, line=0, column=0
   text=Parser returned a null Package]
16:24:11,957  INFO RuleTest:58 - Creating kieBase
16:24:12,004 DEBUG KnowledgeBaseImpl:196 - Starting Engine in PHREAK mode
16:24:12,020  INFO RuleTest:64 - There should be rules: 
16:24:12,020  INFO RuleTest:71 - Creating kieSession
16:24:12,082  INFO RuleTest:81 - Now running data
16:24:12,082 DEBUG SCENELogger:20 - INSERT - co.pextra.fraud.Client@123a3a0
16:24:12,098 DEBUG SCENELogger:20 - INSERT - co.pextra.fraud.TransactionEvent@18792db
16:24:12,098 DEBUG SCENELogger:20 - INSERT - co.pextra.fraud.TransactionEvent@bc21ac
16:24:12,098 DEBUG SCENELogger:20 - INSERT - co.pextra.fraud.TransactionEvent@13dfb8e
16:24:12,098 DEBUG SCENELogger:20 - INSERT - co.pextra.fraud.TransactionEvent@125e6bb
16:24:12,098 DEBUG SCENELogger:20 - INSERT - co.pextra.fraud.TransactionEvent@e5a68e
16:24:12,098 DEBUG SCENELogger:20 - INSERT - co.pextra.fraud.TransactionEvent@1d157ff
16:24:12,098 DEBUG SCENELogger:20 - INSERT - co.pextra.fraud.TransactionEvent@1162cc0
16:24:12,098 DEBUG SCENELogger:20 - INSERT - co.pextra.fraud.TransactionEvent@1f417a7
16:24:12,098 DEBUG SCENELogger:20 - INSERT - co.pextra.fraud.TransactionEvent@41b41
16:24:12,098 DEBUG SCENELogger:20 - INSERT - co.pextra.fraud.TransactionEvent@169d591
16:24:12,098 DEBUG SCENELogger:20 - INSERT - co.pextra.fraud.TransactionEvent@1078690
16:24:12,098 DEBUG SCENELogger:20 - INSERT - co.pextra.fraud.TransactionEvent@b3ec38
16:24:12,098 DEBUG SCENELogger:20 - INSERT - co.pextra.fraud.TransactionEvent@3132fc
16:24:12,098 DEBUG SCENELogger:20 - INSERT - co.pextra.fraud.TransactionEvent@1c5b236
16:24:12,098 DEBUG SCENELogger:20 - INSERT - co.pextra.fraud.TransactionEvent@ab9998
16:24:12,098 DEBUG SCENELogger:20 - INSERT - co.pextra.fraud.Client@17a7219
16:24:12,098 DEBUG SCENELogger:20 - INSERT - co.pextra.fraud.TransactionEvent@9513d8
16:24:12,098 DEBUG SCENELogger:20 - INSERT - co.pextra.fraud.TransactionEvent@1d593e
16:24:12,098 DEBUG SCENELogger:20 - INSERT - co.pextra.fraud.Client@8a60bc
16:37:48,235  INFO ClasspathKieProject:131 - Found kmodule: file:/C:/Users/berna/Documents/fraud-scenario/target/classes/META-INF/kmodule.xml
16:37:48,240 DEBUG ClasspathKieProject:400 - KieModule URL type=file url=/C:/Users/berna/Documents/fraud-scenario/target/classes
16:37:48,499  WARN ClasspathKieProject:289 - Unable to find pom.properties in /C:/Users/berna/Documents/fraud-scenario/target/classes
16:37:48,508  INFO ClasspathKieProject:331 - Recursed up folders, found and used pom.xml C:\Users\berna\Documents\fraud-scenario\pom.xml
16:37:48,510 DEBUG ClasspathKieProject:118 - Discovered classpath module co.pextra:fraud-detection-scenario:1.0-SNAPSHOT
16:37:48,516  INFO KieRepositoryImpl:113 - KieModule was added: FileKieModule[releaseId=co.pextra:fraud-detection-scenario:1.0-SNAPSHOT,file=C:\Users\berna\Documents\fraud-scenario\target\classes]
16:37:48,516  INFO ClasspathKieProject:131 - Found kmodule: jar:file:/C:/Users/berna/.m2/repository/br/ufes/inf/lprm/scene-core/1.1.1/scene-core-1.1.1.jar!/META-INF/kmodule.xml
16:37:48,516 DEBUG ClasspathKieProject:400 - KieModule URL type=jar url=/C:/Users/berna/.m2/repository/br/ufes/inf/lprm/scene-core/1.1.1/scene-core-1.1.1.jar
16:37:48,526  WARN ClasspathKieProject:261 - Unable to find pom.properties in /C:/Users/berna/.m2/repository/br/ufes/inf/lprm/scene-core/1.1.1/scene-core-1.1.1.jar
16:37:48,526  WARN ClasspathKieProject:231 - Unable to load pom.properties from/C:/Users/berna/.m2/repository/br/ufes/inf/lprm/scene-core/1.1.1/scene-core-1.1.1.jar
16:37:48,526  WARN ClasspathKieProject:185 - Cannot find maven pom properties for this project. Using the container's default ReleaseId
16:37:48,536 DEBUG ClasspathKieProject:118 - Discovered classpath module org.default:artifact:1.0.0-SNAPSHOT
16:37:48,536  INFO KieRepositoryImpl:113 - KieModule was added: ZipKieModule[releaseId=org.default:artifact:1.0.0-SNAPSHOT,file=C:\Users\berna\.m2\repository\br\ufes\inf\lprm\scene-core\1.1.1\scene-core-1.1.1.jar]
16:37:49,877 ERROR AbstractKieModule:250 - Unable to build KieBaseModel:fraud-detection-scenario
[74,29]: [ERR 102] Line 74:29 mismatched input '=' in rule "More than 3 suspicious cases in the day and we warn the owner"
[0,0]: Parser returned a null Package

16:37:50,053  INFO RuleTest:55 - Message [id=1, kieBase=fraud-detection-scenario, level=ERROR, path=FraudScenario.drl, line=74, column=0
   text=[ERR 102] Line 74:29 mismatched input '=' in rule "More than 3 suspicious cases in the day and we warn the owner"]
16:37:50,054  INFO RuleTest:55 - Message [id=2, kieBase=fraud-detection-scenario, level=ERROR, path=FraudScenario.drl, line=0, column=0
   text=Parser returned a null Package]
16:37:50,054  INFO RuleTest:58 - Creating kieBase
16:37:50,098 DEBUG KnowledgeBaseImpl:196 - Starting Engine in PHREAK mode
16:37:50,127  INFO RuleTest:64 - There should be rules: 
16:37:50,128  INFO RuleTest:71 - Creating kieSession
16:37:50,190  INFO RuleTest:81 - Now running data
16:37:50,195 DEBUG SCENELogger:20 - INSERT - co.pextra.fraud.Client@123a3a0
16:37:50,198 DEBUG SCENELogger:20 - INSERT - co.pextra.fraud.TransactionEvent@18792db
16:37:50,198 DEBUG SCENELogger:20 - INSERT - co.pextra.fraud.TransactionEvent@bc21ac
16:37:50,198 DEBUG SCENELogger:20 - INSERT - co.pextra.fraud.TransactionEvent@13dfb8e
16:37:50,198 DEBUG SCENELogger:20 - INSERT - co.pextra.fraud.TransactionEvent@125e6bb
16:37:50,199 DEBUG SCENELogger:20 - INSERT - co.pextra.fraud.TransactionEvent@e5a68e
16:37:50,199 DEBUG SCENELogger:20 - INSERT - co.pextra.fraud.TransactionEvent@1d157ff
16:37:50,199 DEBUG SCENELogger:20 - INSERT - co.pextra.fraud.TransactionEvent@1162cc0
16:37:50,199 DEBUG SCENELogger:20 - INSERT - co.pextra.fraud.TransactionEvent@1f417a7
16:37:50,199 DEBUG SCENELogger:20 - INSERT - co.pextra.fraud.TransactionEvent@41b41
16:37:50,199 DEBUG SCENELogger:20 - INSERT - co.pextra.fraud.TransactionEvent@169d591
16:37:50,199 DEBUG SCENELogger:20 - INSERT - co.pextra.fraud.TransactionEvent@1078690
16:37:50,199 DEBUG SCENELogger:20 - INSERT - co.pextra.fraud.TransactionEvent@b3ec38
16:37:50,199 DEBUG SCENELogger:20 - INSERT - co.pextra.fraud.TransactionEvent@3132fc
16:37:50,200 DEBUG SCENELogger:20 - INSERT - co.pextra.fraud.TransactionEvent@1c5b236
16:37:50,200 DEBUG SCENELogger:20 - INSERT - co.pextra.fraud.TransactionEvent@ab9998
16:37:50,200 DEBUG SCENELogger:20 - INSERT - co.pextra.fraud.Client@17a7219
16:37:50,200 DEBUG SCENELogger:20 - INSERT - co.pextra.fraud.TransactionEvent@9513d8
16:37:50,200 DEBUG SCENELogger:20 - INSERT - co.pextra.fraud.TransactionEvent@1d593e
16:37:50,200 DEBUG SCENELogger:20 - INSERT - co.pextra.fraud.Client@8a60bc
16:52:13,361  INFO ClasspathKieProject:131 - Found kmodule: file:/C:/Users/berna/Documents/fraud-scenario/target/classes/META-INF/kmodule.xml
16:52:13,377 DEBUG ClasspathKieProject:400 - KieModule URL type=file url=/C:/Users/berna/Documents/fraud-scenario/target/classes
16:52:13,673  WARN ClasspathKieProject:289 - Unable to find pom.properties in /C:/Users/berna/Documents/fraud-scenario/target/classes
16:52:13,689  INFO ClasspathKieProject:331 - Recursed up folders, found and used pom.xml C:\Users\berna\Documents\fraud-scenario\pom.xml
16:52:13,689 DEBUG ClasspathKieProject:118 - Discovered classpath module co.pextra:fraud-detection-scenario:1.0-SNAPSHOT
16:52:13,705  INFO KieRepositoryImpl:113 - KieModule was added: FileKieModule[releaseId=co.pextra:fraud-detection-scenario:1.0-SNAPSHOT,file=C:\Users\berna\Documents\fraud-scenario\target\classes]
16:52:13,705  INFO ClasspathKieProject:131 - Found kmodule: jar:file:/C:/Users/berna/.m2/repository/br/ufes/inf/lprm/scene-core/1.1.1/scene-core-1.1.1.jar!/META-INF/kmodule.xml
16:52:13,705 DEBUG ClasspathKieProject:400 - KieModule URL type=jar url=/C:/Users/berna/.m2/repository/br/ufes/inf/lprm/scene-core/1.1.1/scene-core-1.1.1.jar
16:52:13,720  WARN ClasspathKieProject:261 - Unable to find pom.properties in /C:/Users/berna/.m2/repository/br/ufes/inf/lprm/scene-core/1.1.1/scene-core-1.1.1.jar
16:52:13,720  WARN ClasspathKieProject:231 - Unable to load pom.properties from/C:/Users/berna/.m2/repository/br/ufes/inf/lprm/scene-core/1.1.1/scene-core-1.1.1.jar
16:52:13,720  WARN ClasspathKieProject:185 - Cannot find maven pom properties for this project. Using the container's default ReleaseId
16:52:13,720 DEBUG ClasspathKieProject:118 - Discovered classpath module org.default:artifact:1.0.0-SNAPSHOT
16:52:13,720  INFO KieRepositoryImpl:113 - KieModule was added: ZipKieModule[releaseId=org.default:artifact:1.0.0-SNAPSHOT,file=C:\Users\berna\.m2\repository\br\ufes\inf\lprm\scene-core\1.1.1\scene-core-1.1.1.jar]
16:52:15,095 ERROR AbstractKieModule:250 - Unable to build KieBaseModel:fraud-detection-scenario
[74,29]: [ERR 102] Line 74:29 mismatched input '=' in rule "More than 3 suspicious cases in the day and we warn the owner"
[0,0]: Parser returned a null Package

16:52:15,267  INFO RuleTest:55 - Message [id=1, kieBase=fraud-detection-scenario, level=ERROR, path=FraudScenario.drl, line=74, column=0
   text=[ERR 102] Line 74:29 mismatched input '=' in rule "More than 3 suspicious cases in the day and we warn the owner"]
16:52:15,267  INFO RuleTest:55 - Message [id=2, kieBase=fraud-detection-scenario, level=ERROR, path=FraudScenario.drl, line=0, column=0
   text=Parser returned a null Package]
16:52:15,267  INFO RuleTest:58 - Creating kieBase
16:52:15,299 DEBUG KnowledgeBaseImpl:196 - Starting Engine in PHREAK mode
16:52:15,330  INFO RuleTest:64 - There should be rules: 
16:52:15,330  INFO RuleTest:71 - Creating kieSession
16:52:15,392  INFO RuleTest:81 - Now running data
16:52:15,392 DEBUG SCENELogger:20 - INSERT - co.pextra.fraud.Client@123a3a0
16:52:15,408 DEBUG SCENELogger:20 - INSERT - co.pextra.fraud.TransactionEvent@18792db
16:52:15,408 DEBUG SCENELogger:20 - INSERT - co.pextra.fraud.TransactionEvent@bc21ac
16:52:15,408 DEBUG SCENELogger:20 - INSERT - co.pextra.fraud.TransactionEvent@13dfb8e
16:52:15,408 DEBUG SCENELogger:20 - INSERT - co.pextra.fraud.TransactionEvent@125e6bb
16:52:15,408 DEBUG SCENELogger:20 - INSERT - co.pextra.fraud.TransactionEvent@e5a68e
16:52:15,408 DEBUG SCENELogger:20 - INSERT - co.pextra.fraud.TransactionEvent@1d157ff
16:52:15,408 DEBUG SCENELogger:20 - INSERT - co.pextra.fraud.TransactionEvent@1162cc0
16:52:15,408 DEBUG SCENELogger:20 - INSERT - co.pextra.fraud.TransactionEvent@1f417a7
16:52:15,408 DEBUG SCENELogger:20 - INSERT - co.pextra.fraud.TransactionEvent@41b41
16:52:15,408 DEBUG SCENELogger:20 - INSERT - co.pextra.fraud.TransactionEvent@169d591
16:52:15,408 DEBUG SCENELogger:20 - INSERT - co.pextra.fraud.TransactionEvent@1078690
16:52:15,408 DEBUG SCENELogger:20 - INSERT - co.pextra.fraud.TransactionEvent@b3ec38
16:52:15,408 DEBUG SCENELogger:20 - INSERT - co.pextra.fraud.TransactionEvent@3132fc
16:52:15,408 DEBUG SCENELogger:20 - INSERT - co.pextra.fraud.TransactionEvent@1c5b236
16:52:15,408 DEBUG SCENELogger:20 - INSERT - co.pextra.fraud.TransactionEvent@ab9998
16:52:15,408 DEBUG SCENELogger:20 - INSERT - co.pextra.fraud.Client@17a7219
16:52:15,408 DEBUG SCENELogger:20 - INSERT - co.pextra.fraud.TransactionEvent@9513d8
16:52:15,408 DEBUG SCENELogger:20 - INSERT - co.pextra.fraud.TransactionEvent@1d593e
16:52:15,408 DEBUG SCENELogger:20 - INSERT - co.pextra.fraud.Client@8a60bc
17:11:01,903  INFO ClasspathKieProject:131 - Found kmodule: file:/C:/Users/berna/Documents/fraud-scenario/target/classes/META-INF/kmodule.xml
17:11:01,903 DEBUG ClasspathKieProject:400 - KieModule URL type=file url=/C:/Users/berna/Documents/fraud-scenario/target/classes
17:11:02,176  WARN ClasspathKieProject:289 - Unable to find pom.properties in /C:/Users/berna/Documents/fraud-scenario/target/classes
17:11:02,186  INFO ClasspathKieProject:331 - Recursed up folders, found and used pom.xml C:\Users\berna\Documents\fraud-scenario\pom.xml
17:11:02,188 DEBUG ClasspathKieProject:118 - Discovered classpath module co.pextra:fraud-detection-scenario:1.0-SNAPSHOT
17:11:02,193  INFO KieRepositoryImpl:113 - KieModule was added: FileKieModule[releaseId=co.pextra:fraud-detection-scenario:1.0-SNAPSHOT,file=C:\Users\berna\Documents\fraud-scenario\target\classes]
17:11:02,193  INFO ClasspathKieProject:131 - Found kmodule: jar:file:/C:/Users/berna/.m2/repository/br/ufes/inf/lprm/scene-core/1.1.1/scene-core-1.1.1.jar!/META-INF/kmodule.xml
17:11:02,193 DEBUG ClasspathKieProject:400 - KieModule URL type=jar url=/C:/Users/berna/.m2/repository/br/ufes/inf/lprm/scene-core/1.1.1/scene-core-1.1.1.jar
17:11:02,208  WARN ClasspathKieProject:261 - Unable to find pom.properties in /C:/Users/berna/.m2/repository/br/ufes/inf/lprm/scene-core/1.1.1/scene-core-1.1.1.jar
17:11:02,208  WARN ClasspathKieProject:231 - Unable to load pom.properties from/C:/Users/berna/.m2/repository/br/ufes/inf/lprm/scene-core/1.1.1/scene-core-1.1.1.jar
17:11:02,208  WARN ClasspathKieProject:185 - Cannot find maven pom properties for this project. Using the container's default ReleaseId
17:11:02,208 DEBUG ClasspathKieProject:118 - Discovered classpath module org.default:artifact:1.0.0-SNAPSHOT
17:11:02,208  INFO KieRepositoryImpl:113 - KieModule was added: ZipKieModule[releaseId=org.default:artifact:1.0.0-SNAPSHOT,file=C:\Users\berna\.m2\repository\br\ufes\inf\lprm\scene-core\1.1.1\scene-core-1.1.1.jar]
17:11:04,366  INFO RuleTest:58 - Creating kieBase
17:11:04,413 DEBUG KnowledgeBaseImpl:196 - Starting Engine in PHREAK mode
17:11:04,503  INFO RuleTest:64 - There should be rules: 
17:11:04,503  INFO RuleTest:67 - kp [Package name=br.ufes.inf.lprm.scene.base] rule OnGoingSituation
17:11:04,503  INFO RuleTest:67 - kp [Package name=br.ufes.inf.lprm.scene.base] rule SituationType
17:11:04,503  INFO RuleTest:67 - kp [Package name=br.ufes.inf.lprm.scene.base] rule SituationActivation
17:11:04,503  INFO RuleTest:67 - kp [Package name=br.ufes.inf.lprm.scene.base] rule SituationDeactivation
17:11:04,503  INFO RuleTest:67 - kp [Package name=co.pextra.fraud] rule will execute per each Measurement having ID color
17:11:04,503  INFO RuleTest:67 - kp [Package name=co.pextra.fraud] rule More than 10 transactions in an hour from one client
17:11:04,503  INFO RuleTest:67 - kp [Package name=co.pextra.fraud] rule More than 1 transaction of 200 dollars in an hour from the same client
17:11:04,503  INFO RuleTest:67 - kp [Package name=co.pextra.fraud] rule More than 10 transactions in an hour from small client portal
17:11:04,503  INFO RuleTest:67 - kp [Package name=co.pextra.fraud] rule More than 100 transactions in an hour from big client portal
17:11:04,503  INFO RuleTest:71 - Creating kieSession
17:11:04,581 DEBUG Reflections:186 - going to scan these urls:
file:/C:/Users/berna/.m2/repository/org/kie/kie-internal/6.5.0.Final/kie-internal-6.5.0.Final.jar
file:/C:/jenv/candidates/java/1.8.0_20/jre/lib/ext/localedata.jar
file:/C:/Users/berna/.m2/repository/org/drools/drools-core/6.5.0.Final/drools-core-6.5.0.Final.jar
file:/C:/Users/berna/.m2/repository/xpp3/xpp3_min/1.1.4c/xpp3_min-1.1.4c.jar
file:/C:/Users/berna/.m2/repository/com/google/code/gson/gson/2.7/gson-2.7.jar
file:/C:/Users/berna/.m2/repository/org/javassist/javassist/3.19.0-GA/javassist-3.19.0-GA.jar
file:/C:/Users/berna/.m2/repository/junit/junit/4.12/junit-4.12.jar
file:/C:/jenv/candidates/java/1.8.0_20/jre/lib/rt.jar
file:/C:/Users/berna/.m2/repository/joda-time/joda-time/2.3/joda-time-2.3.jar
file:/C:/jenv/candidates/java/1.8.0_20/jre/lib/jfxswt.jar
file:/C:/Users/berna/.m2/repository/com/google/code/findbugs/annotations/2.0.1/annotations-2.0.1.jar
file:/C:/jenv/candidates/java/1.8.0_20/jre/lib/management-agent.jar
file:/C:/Users/berna/.m2/repository/org/antlr/antlr-runtime/3.5/antlr-runtime-3.5.jar
file:/C:/jenv/candidates/java/1.8.0_20/jre/lib/charsets.jar
file:/C:/Users/berna/.m2/repository/com/google/guava/guava/15.0/guava-15.0.jar
file:/C:/Users/berna/Documents/fraud-scenario/target/classes/
file:/C:/Users/berna/.m2/repository/org/hamcrest/hamcrest-core/1.3/hamcrest-core-1.3.jar
file:/C:/jenv/candidates/java/1.8.0_20/jre/lib/deploy.jar
file:/C:/Users/berna/.m2/repository/br/ufes/inf/lprm/situation-model/1.0.0/situation-model-1.0.0.jar
file:/C:/Users/berna/.m2/repository/org/drools/drools-compiler/6.5.0.Final/drools-compiler-6.5.0.Final.jar
file:/C:/jenv/candidates/java/1.8.0_20/jre/lib/ext/zipfs.jar
file:/C:/jenv/candidates/java/1.8.0_20/jre/lib/ext/jfxrt.jar
file:/C:/jenv/candidates/java/1.8.0_20/jre/lib/javaws.jar
file:/C:/Users/berna/.m2/repository/log4j/log4j/1.2.17/log4j-1.2.17.jar
file:/C:/Program%20Files/JetBrains/IntelliJ%20IDEA%202017.1.2/lib/idea_rt.jar
file:/C:/jenv/candidates/java/1.8.0_20/jre/lib/ext/access-bridge-32.jar
file:/C:/jenv/candidates/java/1.8.0_20/jre/lib/resources.jar
file:/C:/jenv/candidates/java/1.8.0_20/jre/lib/jce.jar
file:/C:/Users/berna/.m2/repository/org/eclipse/jdt/core/compiler/ecj/4.4.2/ecj-4.4.2.jar
file:/C:/Users/berna/.m2/repository/org/reflections/reflections/0.9.10/reflections-0.9.10.jar
file:/C:/jenv/candidates/java/1.8.0_20/jre/lib/ext/sunpkcs11.jar
file:/C:/jenv/candidates/java/1.8.0_20/jre/lib/ext/sunec.jar
file:/C:/Users/berna/.m2/repository/br/ufes/inf/lprm/scene-core/1.1.1/scene-core-1.1.1.jar
file:/C:/Users/berna/.m2/repository/xmlpull/xmlpull/1.1.3.1/xmlpull-1.1.3.1.jar
file:/C:/Users/berna/.m2/repository/com/google/protobuf/protobuf-java/2.6.0/protobuf-java-2.6.0.jar
file:/C:/jenv/candidates/java/1.8.0_20/jre/lib/jfr.jar
file:/C:/Users/berna/.m2/repository/org/kie/kie-api/6.5.0.Final/kie-api-6.5.0.Final.jar
file:/C:/jenv/candidates/java/1.8.0_20/jre/lib/ext/dnsns.jar
file:/C:/jenv/candidates/java/1.8.0_20/jre/lib/ext/nashorn.jar
file:/C:/jenv/candidates/java/1.8.0_20/jre/lib/ext/sunjce_provider.jar
file:/C:/Program%20Files/JetBrains/IntelliJ%20IDEA%202017.1.2/plugins/junit/lib/junit-rt.jar
file:/C:/jenv/candidates/java/1.8.0_20/jre/lib/plugin.jar
file:/C:/Users/berna/.m2/repository/org/slf4j/slf4j-api/1.7.2/slf4j-api-1.7.2.jar
file:/C:/jenv/candidates/java/1.8.0_20/jre/lib/ext/sunmscapi.jar
file:/C:/Users/berna/.m2/repository/org/scala-lang/scala-library/2.11.7/scala-library-2.11.7.jar
file:/C:/Users/berna/.m2/repository/com/thoughtworks/xstream/xstream/1.4.9/xstream-1.4.9.jar
file:/C:/Users/berna/.m2/repository/org/mvel/mvel2/2.2.8.Final/mvel2-2.2.8.Final.jar
file:/C:/jenv/candidates/java/1.8.0_20/jre/lib/ext/jaccess.jar
file:/C:/Users/berna/Documents/fraud-scenario/target/test-classes/
file:/C:/jenv/candidates/java/1.8.0_20/jre/lib/ext/cldrdata.jar
file:/C:/jenv/candidates/java/1.8.0_20/jre/lib/jsse.jar
file:/C:/Users/berna/.m2/repository/org/slf4j/slf4j-log4j12/1.7.2/slf4j-log4j12-1.7.2.jar
file:/C:/Users/berna/.m2/repository/commons-codec/commons-codec/1.4/commons-codec-1.4.jar
17:11:04,871  INFO Reflections:229 - Reflections took 288 ms to scan 53 urls, producing 322 keys and 1555 values 
17:11:04,883 DEBUG Reflections:186 - going to scan these urls:
jar:file:/C:/Users/berna/.m2/repository/br/ufes/inf/lprm/scene-core/1.1.1/scene-core-1.1.1.jar!/
17:11:04,884  INFO Reflections:229 - Reflections took 1 ms to scan 1 urls, producing 4 keys and 4 values 
17:11:04,884 DEBUG Reflections:186 - going to scan these urls:
jar:file:/C:/Users/berna/.m2/repository/br/ufes/inf/lprm/scene-core/1.1.1/scene-core-1.1.1.jar!/
17:11:04,888 DEBUG Reflections:254 - could not scan file br/ufes/inf/lprm/scene/base/SituationBaseRules.drl in url jar:file:/C:/Users/berna/.m2/repository/br/ufes/inf/lprm/scene-core/1.1.1/scene-core-1.1.1.jar!/ with scanner SubTypesScanner
17:11:04,888 DEBUG Reflections:254 - could not scan file br/ufes/inf/lprm/scene/base/SituationBaseRules.drl in url jar:file:/C:/Users/berna/.m2/repository/br/ufes/inf/lprm/scene-core/1.1.1/scene-core-1.1.1.jar!/ with scanner TypeAnnotationsScanner
17:11:04,888  INFO Reflections:229 - Reflections took 4 ms to scan 1 urls, producing 26 keys and 27 values 
17:11:04,888 DEBUG Reflections:186 - going to scan these urls:
jar:file:/C:/Users/berna/.m2/repository/br/ufes/inf/lprm/situation-model/1.0.0/situation-model-1.0.0.jar!/
17:11:04,888  INFO Reflections:229 - Reflections took 0 ms to scan 1 urls, producing 3 keys and 4 values 
17:11:04,888 DEBUG Reflections:186 - going to scan these urls:
file:/C:/Users/berna/Documents/fraud-scenario/target/test-classes/
file:/C:/Users/berna/Documents/fraud-scenario/target/classes/
17:11:04,888  INFO Reflections:229 - Reflections took 0 ms to scan 2 urls, producing 5 keys and 7 values 
17:11:04,888 DEBUG Reflections:186 - going to scan these urls:
jar:file:/C:/Users/berna/.m2/repository/br/ufes/inf/lprm/scene-core/1.1.1/scene-core-1.1.1.jar!/
17:11:04,888  INFO Reflections:229 - Reflections took 0 ms to scan 1 urls, producing 5 keys and 5 values 
17:11:04,888 DEBUG Reflections:186 - going to scan these urls:
jar:file:/C:/Users/berna/.m2/repository/br/ufes/inf/lprm/situation-model/1.0.0/situation-model-1.0.0.jar!/
17:11:04,888  INFO Reflections:229 - Reflections took 0 ms to scan 1 urls, producing 2 keys and 3 values 
17:11:04,888  INFO RuleTest:81 - Now running data
17:11:04,904 DEBUG SCENELogger:20 - INSERT - co.pextra.fraud.Client@27a6c1
17:11:04,904 DEBUG SCENELogger:20 - INSERT - co.pextra.fraud.TransactionEvent@1ab4be7
17:11:04,904 DEBUG SCENELogger:20 - INSERT - co.pextra.fraud.TransactionEvent@93d508
17:11:04,904 DEBUG SCENELogger:20 - INSERT - co.pextra.fraud.TransactionEvent@1047d7d
17:11:04,904 DEBUG SCENELogger:20 - INSERT - co.pextra.fraud.TransactionEvent@7cfcbb
17:11:04,904 DEBUG SCENELogger:20 - INSERT - co.pextra.fraud.TransactionEvent@1bb9029
17:11:04,904 DEBUG SCENELogger:20 - INSERT - co.pextra.fraud.TransactionEvent@1fe3203
17:11:04,904 DEBUG SCENELogger:20 - INSERT - co.pextra.fraud.TransactionEvent@1214b94
17:11:04,904 DEBUG SCENELogger:20 - INSERT - co.pextra.fraud.TransactionEvent@e3f36f
17:11:04,904 DEBUG SCENELogger:20 - INSERT - co.pextra.fraud.TransactionEvent@1601f82
17:11:04,904 DEBUG SCENELogger:20 - INSERT - co.pextra.fraud.TransactionEvent@1e44287
17:11:04,904 DEBUG SCENELogger:20 - INSERT - co.pextra.fraud.TransactionEvent@b8d084
17:11:04,904 DEBUG SCENELogger:20 - INSERT - co.pextra.fraud.TransactionEvent@1af2337
17:11:04,904 DEBUG SCENELogger:20 - INSERT - co.pextra.fraud.TransactionEvent@fabd0f
17:11:04,904 DEBUG SCENELogger:20 - INSERT - co.pextra.fraud.TransactionEvent@10b236d
17:11:04,904 DEBUG SCENELogger:20 - INSERT - co.pextra.fraud.TransactionEvent@1f3fbb8
17:11:04,904 DEBUG SCENELogger:20 - INSERT - co.pextra.fraud.Client@151da2a
17:11:04,904 DEBUG SCENELogger:20 - INSERT - co.pextra.fraud.TransactionEvent@32034a
17:11:04,904 DEBUG SCENELogger:20 - INSERT - co.pextra.fraud.TransactionEvent@e5272
17:11:04,904 DEBUG SCENELogger:20 - INSERT - co.pextra.fraud.Client@1755813
17:11:04,904 DEBUG SCENELogger:20 - INSERT - co.pextra.fraud.TransactionEvent@1c93ca4
17:11:04,904 DEBUG SCENELogger:20 - INSERT - co.pextra.fraud.TransactionEvent@1da207f
17:11:04,904 DEBUG SCENELogger:20 - INSERT - co.pextra.fraud.TransactionEvent@13373b4
17:11:04,904 DEBUG SCENELogger:20 - INSERT - co.pextra.fraud.TransactionEvent@d10481
17:11:04,904 DEBUG SCENELogger:20 - INSERT - co.pextra.fraud.TransactionEvent@dd3c23
17:11:04,904 DEBUG SCENELogger:20 - INSERT - co.pextra.fraud.TransactionEvent@b6319f
17:11:04,904 DEBUG SCENELogger:20 - INSERT - co.pextra.fraud.TransactionEvent@9456ae
17:11:04,904 DEBUG SCENELogger:20 - INSERT - co.pextra.fraud.TransactionEvent@a9a4f1
17:11:04,904 DEBUG SCENELogger:20 - INSERT - co.pextra.fraud.TransactionEvent@11cae23
17:11:04,904 DEBUG SCENELogger:20 - INSERT - co.pextra.fraud.TransactionEvent@455e96
17:11:04,904 DEBUG SCENELogger:20 - INSERT - co.pextra.fraud.TransactionEvent@985696
17:11:04,904 DEBUG SCENELogger:20 - INSERT - co.pextra.fraud.Client@1cde458
17:11:04,904 DEBUG SCENELogger:20 - INSERT - co.pextra.fraud.TransactionEvent@15a34b4
17:11:04,904 DEBUG SCENELogger:20 - INSERT - co.pextra.fraud.TransactionEvent@1bd7fe7
17:11:04,904 DEBUG SCENELogger:20 - INSERT - co.pextra.fraud.TransactionEvent@1d3ab60
17:11:04,904 DEBUG SCENELogger:20 - INSERT - co.pextra.fraud.TransactionEvent@10876a6
17:11:04,904 DEBUG SCENELogger:20 - INSERT - co.pextra.fraud.TransactionEvent@1870da7
17:11:04,904 DEBUG SCENELogger:20 - INSERT - co.pextra.fraud.TransactionEvent@1d91637
17:11:04,904 DEBUG SCENELogger:20 - INSERT - co.pextra.fraud.TransactionEvent@1792847
17:11:04,904 DEBUG SCENELogger:20 - INSERT - co.pextra.fraud.TransactionEvent@106cb08
17:11:04,919 DEBUG SCENELogger:20 - INSERT - co.pextra.fraud.TransactionEvent@25147a
17:11:04,919 DEBUG SCENELogger:20 - INSERT - co.pextra.fraud.TransactionEvent@168cb27
17:11:04,919 DEBUG SCENELogger:20 - INSERT - co.pextra.fraud.TransactionEvent@15ffd1d
17:11:04,919 DEBUG SCENELogger:20 - INSERT - co.pextra.fraud.TransactionEvent@303475
17:11:04,919 DEBUG SCENELogger:20 - INSERT - co.pextra.fraud.TransactionEvent@506c0d
17:11:04,919 DEBUG SCENELogger:20 - INSERT - co.pextra.fraud.TransactionEvent@1cca8d3
17:11:04,919 DEBUG SCENELogger:20 - INSERT - co.pextra.fraud.TransactionEvent@1631962
17:11:04,919 DEBUG SCENELogger:20 - INSERT - co.pextra.fraud.TransactionEvent@a70627
17:11:04,919 DEBUG SCENELogger:20 - INSERT - co.pextra.fraud.TransactionEvent@124287a
17:11:04,919 DEBUG SCENELogger:20 - INSERT - co.pextra.fraud.TransactionEvent@1569ebd
17:11:04,919 DEBUG SCENELogger:20 - INSERT - co.pextra.fraud.TransactionEvent@632cfc
17:11:04,919 DEBUG SCENELogger:20 - INSERT - co.pextra.fraud.TransactionEvent@1f8469
17:11:04,919 DEBUG SCENELogger:20 - INSERT - co.pextra.fraud.TransactionEvent@380628
17:11:04,919 DEBUG SCENELogger:20 - INSERT - co.pextra.fraud.TransactionEvent@1b6c624
17:11:04,919 DEBUG SCENELogger:20 - INSERT - co.pextra.fraud.TransactionEvent@af1e62
17:11:04,919 DEBUG SCENELogger:20 - INSERT - co.pextra.fraud.TransactionEvent@81fd12
17:11:04,919 DEBUG SCENELogger:20 - INSERT - co.pextra.fraud.TransactionEvent@e6a3ec
17:11:04,919 DEBUG SCENELogger:20 - INSERT - co.pextra.fraud.TransactionEvent@154de72
17:11:04,919 DEBUG SCENELogger:20 - INSERT - co.pextra.fraud.TransactionEvent@1ee96f4
17:11:04,919 DEBUG SCENELogger:20 - INSERT - co.pextra.fraud.TransactionEvent@494b6
17:11:04,919 DEBUG SCENELogger:20 - INSERT - co.pextra.fraud.TransactionEvent@12ab8d9
17:11:04,919 DEBUG SCENELogger:20 - INSERT - co.pextra.fraud.TransactionEvent@fc5d40
17:11:04,919 DEBUG SCENELogger:20 - INSERT - co.pextra.fraud.TransactionEvent@1e0301d
17:11:04,919 DEBUG SCENELogger:20 - INSERT - co.pextra.fraud.TransactionEvent@1d7bfb3
17:11:04,919 DEBUG SCENELogger:20 - INSERT - co.pextra.fraud.TransactionEvent@10b3be0
17:11:04,919 DEBUG SCENELogger:20 - INSERT - co.pextra.fraud.TransactionEvent@1eb6e1c
17:11:04,919 DEBUG SCENELogger:20 - INSERT - co.pextra.fraud.TransactionEvent@1dbd6e4
17:11:04,919 DEBUG SCENELogger:20 - INSERT - co.pextra.fraud.TransactionEvent@18bd14b
17:11:04,919 DEBUG SCENELogger:20 - INSERT - co.pextra.fraud.TransactionEvent@1f13be1
17:11:04,919 DEBUG SCENELogger:20 - INSERT - co.pextra.fraud.TransactionEvent@1303ecd
17:11:04,919 DEBUG SCENELogger:20 - INSERT - co.pextra.fraud.TransactionEvent@d3bf39
17:11:04,919 DEBUG SCENELogger:20 - INSERT - co.pextra.fraud.TransactionEvent@1a73de1
17:11:04,919 DEBUG SCENELogger:20 - INSERT - co.pextra.fraud.TransactionEvent@1852487
17:11:04,919 DEBUG SCENELogger:20 - INSERT - co.pextra.fraud.TransactionEvent@11db12c
17:11:04,919 DEBUG SCENELogger:20 - INSERT - co.pextra.fraud.TransactionEvent@fae281
17:11:04,919 DEBUG SCENELogger:20 - INSERT - co.pextra.fraud.TransactionEvent@ae880a
17:11:04,919 DEBUG SCENELogger:20 - INSERT - co.pextra.fraud.TransactionEvent@f2144
17:11:04,919 DEBUG SCENELogger:20 - INSERT - co.pextra.fraud.TransactionEvent@17078
17:11:04,919 DEBUG SCENELogger:20 - INSERT - co.pextra.fraud.TransactionEvent@1827393
17:11:04,919 DEBUG SCENELogger:20 - INSERT - co.pextra.fraud.TransactionEvent@1be4f71
17:11:04,919 DEBUG SCENELogger:20 - INSERT - co.pextra.fraud.TransactionEvent@645b43
17:11:04,919 DEBUG SCENELogger:20 - INSERT - co.pextra.fraud.TransactionEvent@1d16207
17:11:04,919 DEBUG SCENELogger:20 - INSERT - co.pextra.fraud.TransactionEvent@18d9a05
17:11:04,919 DEBUG SCENELogger:20 - INSERT - co.pextra.fraud.TransactionEvent@399d82
17:11:04,919 DEBUG SCENELogger:20 - INSERT - co.pextra.fraud.TransactionEvent@f96b85
17:11:04,919 DEBUG SCENELogger:20 - INSERT - co.pextra.fraud.TransactionEvent@d8f407
17:11:04,919 DEBUG SCENELogger:20 - INSERT - co.pextra.fraud.TransactionEvent@1c0036b
17:11:04,919 DEBUG SCENELogger:20 - INSERT - co.pextra.fraud.TransactionEvent@1814b1c
17:11:04,935 DEBUG SCENELogger:20 - INSERT - co.pextra.fraud.TransactionEvent@c9af2a
17:11:04,935 DEBUG SCENELogger:20 - INSERT - co.pextra.fraud.TransactionEvent@1b004b8
17:11:04,935 DEBUG SCENELogger:20 - INSERT - co.pextra.fraud.TransactionEvent@e89bfe
17:11:04,935 DEBUG SCENELogger:20 - INSERT - co.pextra.fraud.TransactionEvent@12ce654
17:11:04,935 DEBUG SCENELogger:20 - INSERT - co.pextra.fraud.TransactionEvent@2ba524
17:11:04,935 DEBUG SCENELogger:20 - INSERT - co.pextra.fraud.TransactionEvent@1c5ee1d
17:11:04,935 DEBUG SCENELogger:20 - INSERT - co.pextra.fraud.TransactionEvent@1cea7b0
17:11:04,935 DEBUG SCENELogger:20 - INSERT - co.pextra.fraud.TransactionEvent@1d2ed1b
17:11:04,935 DEBUG SCENELogger:20 - INSERT - co.pextra.fraud.TransactionEvent@5f7840
17:11:04,935 DEBUG SCENELogger:20 - INSERT - co.pextra.fraud.TransactionEvent@6cc850
17:11:04,935 DEBUG SCENELogger:20 - INSERT - co.pextra.fraud.TransactionEvent@7f0f0a
17:11:04,935 DEBUG SCENELogger:20 - INSERT - co.pextra.fraud.TransactionEvent@c58feb
17:11:04,935 DEBUG SCENELogger:20 - INSERT - co.pextra.fraud.TransactionEvent@1bb650b
17:11:04,935 DEBUG SCENELogger:20 - INSERT - co.pextra.fraud.TransactionEvent@16d10a4
17:11:04,935 DEBUG SCENELogger:20 - INSERT - co.pextra.fraud.TransactionEvent@1ec445c
17:11:04,935 DEBUG SCENELogger:20 - INSERT - co.pextra.fraud.TransactionEvent@104351d
17:11:04,935 DEBUG SCENELogger:20 - INSERT - co.pextra.fraud.TransactionEvent@1d18d0b
17:11:04,935 DEBUG SCENELogger:20 - INSERT - co.pextra.fraud.TransactionEvent@344b65
17:11:04,935 DEBUG SCENELogger:20 - INSERT - co.pextra.fraud.TransactionEvent@17b3edb
17:11:04,935 DEBUG SCENELogger:20 - INSERT - co.pextra.fraud.TransactionEvent@1474074
17:11:04,935 DEBUG SCENELogger:20 - INSERT - co.pextra.fraud.TransactionEvent@8531c2
17:11:04,935 DEBUG SCENELogger:20 - INSERT - co.pextra.fraud.TransactionEvent@b22fd4
17:11:04,935 DEBUG SCENELogger:20 - INSERT - co.pextra.fraud.TransactionEvent@9d5dff
17:11:04,935 DEBUG SCENELogger:20 - INSERT - co.pextra.fraud.TransactionEvent@108f438
17:11:04,935 DEBUG SCENELogger:20 - INSERT - co.pextra.fraud.TransactionEvent@bac9ba
17:11:04,935 DEBUG SCENELogger:20 - INSERT - co.pextra.fraud.TransactionEvent@12f8ab6
17:11:04,935 DEBUG SCENELogger:20 - INSERT - co.pextra.fraud.TransactionEvent@1dd5689
17:11:04,935 DEBUG SCENELogger:20 - INSERT - co.pextra.fraud.TransactionEvent@188d0fe
17:11:04,935 DEBUG SCENELogger:20 - INSERT - co.pextra.fraud.TransactionEvent@1ab3aac
17:11:04,935 DEBUG SCENELogger:20 - INSERT - co.pextra.fraud.TransactionEvent@f66455
17:11:04,935 DEBUG SCENELogger:20 - INSERT - co.pextra.fraud.TransactionEvent@1ae095c
17:11:04,935 DEBUG SCENELogger:20 - INSERT - co.pextra.fraud.TransactionEvent@c03a37
17:11:04,935 DEBUG SCENELogger:20 - INSERT - co.pextra.fraud.TransactionEvent@140e59
17:11:04,935 DEBUG SCENELogger:20 - INSERT - co.pextra.fraud.TransactionEvent@1a71302
17:11:04,935 DEBUG SCENELogger:20 - INSERT - co.pextra.fraud.TransactionEvent@d61783
17:11:04,935 DEBUG SCENELogger:20 - INSERT - co.pextra.fraud.TransactionEvent@1429fac
17:11:04,935 DEBUG SCENELogger:20 - INSERT - co.pextra.fraud.TransactionEvent@1aa341b
17:11:04,935 DEBUG SCENELogger:20 - INSERT - co.pextra.fraud.TransactionEvent@e412ef
17:11:04,935 DEBUG SCENELogger:20 - INSERT - co.pextra.fraud.TransactionEvent@e263bf
17:11:04,935 DEBUG SCENELogger:20 - INSERT - co.pextra.fraud.TransactionEvent@1103ab0
17:11:04,935 DEBUG SCENELogger:20 - INSERT - co.pextra.fraud.TransactionEvent@19ccca5
17:11:04,935 DEBUG SCENELogger:20 - INSERT - co.pextra.fraud.TransactionEvent@169d513
17:11:04,935 DEBUG SCENELogger:20 - INSERT - co.pextra.fraud.TransactionEvent@4fa1da
17:11:04,935 DEBUG SCENELogger:20 - INSERT - co.pextra.fraud.TransactionEvent@8cd519
17:11:04,935 DEBUG SCENELogger:20 - INSERT - co.pextra.fraud.TransactionEvent@192c349
17:11:04,935  INFO RuleTest:113 - Final checks
17:11:05,033 DEBUG SCENELogger:17 - SITUATION ACTIVATION - TYPE: co.pextra.fraud.SuspiciousSituation	HASH: -460990218	CAST: {client=co.pextra.fraud.Client@27a6c1, transactions=[co.pextra.fraud.TransactionEvent@1ab4be7, co.pextra.fraud.TransactionEvent@93d508, co.pextra.fraud.TransactionEvent@1047d7d, co.pextra.fraud.TransactionEvent@7cfcbb, co.pextra.fraud.TransactionEvent@1bb9029, co.pextra.fraud.TransactionEvent@1fe3203, co.pextra.fraud.TransactionEvent@1214b94, co.pextra.fraud.TransactionEvent@e3f36f, co.pextra.fraud.TransactionEvent@1601f82, co.pextra.fraud.TransactionEvent@1e44287, co.pextra.fraud.TransactionEvent@b8d084, co.pextra.fraud.TransactionEvent@1af2337, co.pextra.fraud.TransactionEvent@fabd0f, co.pextra.fraud.TransactionEvent@10b236d, co.pextra.fraud.TransactionEvent@1f3fbb8, co.pextra.fraud.TransactionEvent@32034a, co.pextra.fraud.TransactionEvent@e5272]}
17:11:05,135 DEBUG SCENELogger:19 - 	Activation timestamp: 2017 05 01 17:11:05.
17:11:05,135 DEBUG SCENELogger:20 - INSERT - br.ufes.inf.lprm.scene.model.impl.ParticipationImpl@e313c7
17:11:05,135 DEBUG SCENELogger:20 - INSERT - br.ufes.inf.lprm.scene.model.impl.ParticipationImpl@f04c48
17:11:05,135 DEBUG SCENELogger:20 - INSERT - SuspiciousSituation( client=co.pextra.fraud.Client@27a6c1, transactions=[co.pextra.fraud.TransactionEvent@1ab4be7, co.pextra.fraud.TransactionEvent@93d508, co.pextra.fraud.TransactionEvent@1047d7d, co.pextra.fraud.TransactionEvent@7cfcbb, co.pextra.fraud.TransactionEvent@1bb9029, co.pextra.fraud.TransactionEvent@1fe3203, co.pextra.fraud.TransactionEvent@1214b94, co.pextra.fraud.TransactionEvent@e3f36f, co.pextra.fraud.TransactionEvent@1601f82, co.pextra.fraud.TransactionEvent@1e44287, co.pextra.fraud.TransactionEvent@b8d084, co.pextra.fraud.TransactionEvent@1af2337, co.pextra.fraud.TransactionEvent@fabd0f, co.pextra.fraud.TransactionEvent@10b236d, co.pextra.fraud.TransactionEvent@1f3fbb8, co.pextra.fraud.TransactionEvent@32034a, co.pextra.fraud.TransactionEvent@e5272] )
17:11:05,135 DEBUG SCENELogger:25 - UPDATE - TYPE: co.pextra.fraud.SuspiciousSituation	HASH: -460990218	CAST: {client=co.pextra.fraud.Client@27a6c1, transactions=[co.pextra.fraud.TransactionEvent@1ab4be7, co.pextra.fraud.TransactionEvent@93d508, co.pextra.fraud.TransactionEvent@1047d7d, co.pextra.fraud.TransactionEvent@7cfcbb, co.pextra.fraud.TransactionEvent@1bb9029, co.pextra.fraud.TransactionEvent@1fe3203, co.pextra.fraud.TransactionEvent@1214b94, co.pextra.fraud.TransactionEvent@e3f36f, co.pextra.fraud.TransactionEvent@1601f82, co.pextra.fraud.TransactionEvent@1e44287, co.pextra.fraud.TransactionEvent@b8d084, co.pextra.fraud.TransactionEvent@1af2337, co.pextra.fraud.TransactionEvent@fabd0f, co.pextra.fraud.TransactionEvent@10b236d, co.pextra.fraud.TransactionEvent@1f3fbb8, co.pextra.fraud.TransactionEvent@32034a, co.pextra.fraud.TransactionEvent@e5272]}
17:11:05,166 DEBUG SCENELogger:17 - SITUATION ACTIVATION - TYPE: co.pextra.fraud.SuspiciousSituation	HASH: 1321574518	CAST: {client=co.pextra.fraud.Client@27a6c1, transactions=[co.pextra.fraud.TransactionEvent@32034a, co.pextra.fraud.TransactionEvent@e5272]}
17:11:05,166 DEBUG SCENELogger:19 - 	Activation timestamp: 2017 05 01 17:11:05.
17:11:05,166 DEBUG SCENELogger:20 - INSERT - br.ufes.inf.lprm.scene.model.impl.ParticipationImpl@6694a2
17:11:05,166 DEBUG SCENELogger:20 - INSERT - br.ufes.inf.lprm.scene.model.impl.ParticipationImpl@1dd1f45
17:11:05,166 DEBUG SCENELogger:20 - INSERT - SuspiciousSituation( client=co.pextra.fraud.Client@27a6c1, transactions=[co.pextra.fraud.TransactionEvent@32034a, co.pextra.fraud.TransactionEvent@e5272] )
17:11:05,166 DEBUG SCENELogger:25 - UPDATE - TYPE: co.pextra.fraud.SuspiciousSituation	HASH: 1321574518	CAST: {client=co.pextra.fraud.Client@27a6c1, transactions=[co.pextra.fraud.TransactionEvent@32034a, co.pextra.fraud.TransactionEvent@e5272]}
17:11:05,166 DEBUG SCENELogger:17 - SITUATION ACTIVATION - TYPE: co.pextra.fraud.SuspiciousSituation	HASH: 1041619766	CAST: {client=co.pextra.fraud.Client@27a6c1, transactions=[co.pextra.fraud.TransactionEvent@1c93ca4, co.pextra.fraud.TransactionEvent@1da207f, co.pextra.fraud.TransactionEvent@13373b4, co.pextra.fraud.TransactionEvent@d10481, co.pextra.fraud.TransactionEvent@dd3c23, co.pextra.fraud.TransactionEvent@b6319f, co.pextra.fraud.TransactionEvent@9456ae, co.pextra.fraud.TransactionEvent@a9a4f1, co.pextra.fraud.TransactionEvent@11cae23, co.pextra.fraud.TransactionEvent@455e96, co.pextra.fraud.TransactionEvent@985696]}
17:11:05,166 DEBUG SCENELogger:19 - 	Activation timestamp: 2017 05 01 17:11:05.
17:11:05,166 DEBUG SCENELogger:20 - INSERT - br.ufes.inf.lprm.scene.model.impl.ParticipationImpl@1972c29
17:11:05,166 DEBUG SCENELogger:20 - INSERT - br.ufes.inf.lprm.scene.model.impl.ParticipationImpl@2bd38f
17:11:05,166 DEBUG SCENELogger:20 - INSERT - SuspiciousSituation( client=co.pextra.fraud.Client@27a6c1, transactions=[co.pextra.fraud.TransactionEvent@1c93ca4, co.pextra.fraud.TransactionEvent@1da207f, co.pextra.fraud.TransactionEvent@13373b4, co.pextra.fraud.TransactionEvent@d10481, co.pextra.fraud.TransactionEvent@dd3c23, co.pextra.fraud.TransactionEvent@b6319f, co.pextra.fraud.TransactionEvent@9456ae, co.pextra.fraud.TransactionEvent@a9a4f1, co.pextra.fraud.TransactionEvent@11cae23, co.pextra.fraud.TransactionEvent@455e96, co.pextra.fraud.TransactionEvent@985696] )
17:11:05,166 DEBUG SCENELogger:25 - UPDATE - TYPE: co.pextra.fraud.SuspiciousSituation	HASH: 1041619766	CAST: {client=co.pextra.fraud.Client@27a6c1, transactions=[co.pextra.fraud.TransactionEvent@1c93ca4, co.pextra.fraud.TransactionEvent@1da207f, co.pextra.fraud.TransactionEvent@13373b4, co.pextra.fraud.TransactionEvent@d10481, co.pextra.fraud.TransactionEvent@dd3c23, co.pextra.fraud.TransactionEvent@b6319f, co.pextra.fraud.TransactionEvent@9456ae, co.pextra.fraud.TransactionEvent@a9a4f1, co.pextra.fraud.TransactionEvent@11cae23, co.pextra.fraud.TransactionEvent@455e96, co.pextra.fraud.TransactionEvent@985696]}
17:11:05,182 DEBUG SCENELogger:17 - SITUATION ACTIVATION - TYPE: co.pextra.fraud.SuspiciousSituation	HASH: 1809956374	CAST: {client=co.pextra.fraud.Client@27a6c1, transactions=[co.pextra.fraud.TransactionEvent@15a34b4, co.pextra.fraud.TransactionEvent@1bd7fe7, co.pextra.fraud.TransactionEvent@1d3ab60, co.pextra.fraud.TransactionEvent@10876a6, co.pextra.fraud.TransactionEvent@1870da7, co.pextra.fraud.TransactionEvent@1d91637, co.pextra.fraud.TransactionEvent@1792847, co.pextra.fraud.TransactionEvent@106cb08, co.pextra.fraud.TransactionEvent@25147a, co.pextra.fraud.TransactionEvent@168cb27, co.pextra.fraud.TransactionEvent@15ffd1d, co.pextra.fraud.TransactionEvent@303475, co.pextra.fraud.TransactionEvent@506c0d, co.pextra.fraud.TransactionEvent@1cca8d3, co.pextra.fraud.TransactionEvent@1631962, co.pextra.fraud.TransactionEvent@a70627, co.pextra.fraud.TransactionEvent@124287a, co.pextra.fraud.TransactionEvent@1569ebd, co.pextra.fraud.TransactionEvent@632cfc, co.pextra.fraud.TransactionEvent@1f8469, co.pextra.fraud.TransactionEvent@380628, co.pextra.fraud.TransactionEvent@1b6c624, co.pextra.fraud.TransactionEvent@af1e62, co.pextra.fraud.TransactionEvent@81fd12, co.pextra.fraud.TransactionEvent@e6a3ec, co.pextra.fraud.TransactionEvent@154de72, co.pextra.fraud.TransactionEvent@1ee96f4, co.pextra.fraud.TransactionEvent@494b6, co.pextra.fraud.TransactionEvent@12ab8d9, co.pextra.fraud.TransactionEvent@fc5d40, co.pextra.fraud.TransactionEvent@1e0301d, co.pextra.fraud.TransactionEvent@1d7bfb3, co.pextra.fraud.TransactionEvent@10b3be0, co.pextra.fraud.TransactionEvent@1eb6e1c, co.pextra.fraud.TransactionEvent@1dbd6e4, co.pextra.fraud.TransactionEvent@18bd14b, co.pextra.fraud.TransactionEvent@1f13be1, co.pextra.fraud.TransactionEvent@1303ecd, co.pextra.fraud.TransactionEvent@d3bf39, co.pextra.fraud.TransactionEvent@1a73de1, co.pextra.fraud.TransactionEvent@1852487, co.pextra.fraud.TransactionEvent@11db12c, co.pextra.fraud.TransactionEvent@fae281, co.pextra.fraud.TransactionEvent@ae880a, co.pextra.fraud.TransactionEvent@f2144, co.pextra.fraud.TransactionEvent@17078, co.pextra.fraud.TransactionEvent@1827393, co.pextra.fraud.TransactionEvent@1be4f71, co.pextra.fraud.TransactionEvent@645b43, co.pextra.fraud.TransactionEvent@1d16207, co.pextra.fraud.TransactionEvent@18d9a05, co.pextra.fraud.TransactionEvent@399d82, co.pextra.fraud.TransactionEvent@f96b85, co.pextra.fraud.TransactionEvent@d8f407, co.pextra.fraud.TransactionEvent@1c0036b, co.pextra.fraud.TransactionEvent@1814b1c, co.pextra.fraud.TransactionEvent@c9af2a, co.pextra.fraud.TransactionEvent@1b004b8, co.pextra.fraud.TransactionEvent@e89bfe, co.pextra.fraud.TransactionEvent@12ce654, co.pextra.fraud.TransactionEvent@2ba524, co.pextra.fraud.TransactionEvent@1c5ee1d, co.pextra.fraud.TransactionEvent@1cea7b0, co.pextra.fraud.TransactionEvent@1d2ed1b, co.pextra.fraud.TransactionEvent@5f7840, co.pextra.fraud.TransactionEvent@6cc850, co.pextra.fraud.TransactionEvent@7f0f0a, co.pextra.fraud.TransactionEvent@c58feb, co.pextra.fraud.TransactionEvent@1bb650b, co.pextra.fraud.TransactionEvent@16d10a4, co.pextra.fraud.TransactionEvent@1ec445c, co.pextra.fraud.TransactionEvent@104351d, co.pextra.fraud.TransactionEvent@1d18d0b, co.pextra.fraud.TransactionEvent@344b65, co.pextra.fraud.TransactionEvent@17b3edb, co.pextra.fraud.TransactionEvent@1474074, co.pextra.fraud.TransactionEvent@8531c2, co.pextra.fraud.TransactionEvent@b22fd4, co.pextra.fraud.TransactionEvent@9d5dff, co.pextra.fraud.TransactionEvent@108f438, co.pextra.fraud.TransactionEvent@bac9ba, co.pextra.fraud.TransactionEvent@12f8ab6, co.pextra.fraud.TransactionEvent@1dd5689, co.pextra.fraud.TransactionEvent@188d0fe, co.pextra.fraud.TransactionEvent@1ab3aac, co.pextra.fraud.TransactionEvent@f66455, co.pextra.fraud.TransactionEvent@1ae095c, co.pextra.fraud.TransactionEvent@c03a37, co.pextra.fraud.TransactionEvent@140e59, co.pextra.fraud.TransactionEvent@1a71302, co.pextra.fraud.TransactionEvent@d61783, co.pextra.fraud.TransactionEvent@1429fac, co.pextra.fraud.TransactionEvent@1aa341b, co.pextra.fraud.TransactionEvent@e412ef, co.pextra.fraud.TransactionEvent@e263bf, co.pextra.fraud.TransactionEvent@1103ab0, co.pextra.fraud.TransactionEvent@19ccca5, co.pextra.fraud.TransactionEvent@169d513, co.pextra.fraud.TransactionEvent@4fa1da, co.pextra.fraud.TransactionEvent@8cd519, co.pextra.fraud.TransactionEvent@192c349]}
17:11:05,197 DEBUG SCENELogger:19 - 	Activation timestamp: 2017 05 01 17:11:05.
17:11:05,197 DEBUG SCENELogger:20 - INSERT - br.ufes.inf.lprm.scene.model.impl.ParticipationImpl@a1df16
17:11:05,197 DEBUG SCENELogger:20 - INSERT - br.ufes.inf.lprm.scene.model.impl.ParticipationImpl@1173ff5
17:11:05,197 DEBUG SCENELogger:20 - INSERT - SuspiciousSituation( client=co.pextra.fraud.Client@27a6c1, transactions=[co.pextra.fraud.TransactionEvent@15a34b4, co.pextra.fraud.TransactionEvent@1bd7fe7, co.pextra.fraud.TransactionEvent@1d3ab60, co.pextra.fraud.TransactionEvent@10876a6, co.pextra.fraud.TransactionEvent@1870da7, co.pextra.fraud.TransactionEvent@1d91637, co.pextra.fraud.TransactionEvent@1792847, co.pextra.fraud.TransactionEvent@106cb08, co.pextra.fraud.TransactionEvent@25147a, co.pextra.fraud.TransactionEvent@168cb27, co.pextra.fraud.TransactionEvent@15ffd1d, co.pextra.fraud.TransactionEvent@303475, co.pextra.fraud.TransactionEvent@506c0d, co.pextra.fraud.TransactionEvent@1cca8d3, co.pextra.fraud.TransactionEvent@1631962, co.pextra.fraud.TransactionEvent@a70627, co.pextra.fraud.TransactionEvent@124287a, co.pextra.fraud.TransactionEvent@1569ebd, co.pextra.fraud.TransactionEvent@632cfc, co.pextra.fraud.TransactionEvent@1f8469, co.pextra.fraud.TransactionEvent@380628, co.pextra.fraud.TransactionEvent@1b6c624, co.pextra.fraud.TransactionEvent@af1e62, co.pextra.fraud.TransactionEvent@81fd12, co.pextra.fraud.TransactionEvent@e6a3ec, co.pextra.fraud.TransactionEvent@154de72, co.pextra.fraud.TransactionEvent@1ee96f4, co.pextra.fraud.TransactionEvent@494b6, co.pextra.fraud.TransactionEvent@12ab8d9, co.pextra.fraud.TransactionEvent@fc5d40, co.pextra.fraud.TransactionEvent@1e0301d, co.pextra.fraud.TransactionEvent@1d7bfb3, co.pextra.fraud.TransactionEvent@10b3be0, co.pextra.fraud.TransactionEvent@1eb6e1c, co.pextra.fraud.TransactionEvent@1dbd6e4, co.pextra.fraud.TransactionEvent@18bd14b, co.pextra.fraud.TransactionEvent@1f13be1, co.pextra.fraud.TransactionEvent@1303ecd, co.pextra.fraud.TransactionEvent@d3bf39, co.pextra.fraud.TransactionEvent@1a73de1, co.pextra.fraud.TransactionEvent@1852487, co.pextra.fraud.TransactionEvent@11db12c, co.pextra.fraud.TransactionEvent@fae281, co.pextra.fraud.TransactionEvent@ae880a, co.pextra.fraud.TransactionEvent@f2144, co.pextra.fraud.TransactionEvent@17078, co.pextra.fraud.TransactionEvent@1827393, co.pextra.fraud.TransactionEvent@1be4f71, co.pextra.fraud.TransactionEvent@645b43, co.pextra.fraud.TransactionEvent@1d16207, co.pextra.fraud.TransactionEvent@18d9a05, co.pextra.fraud.TransactionEvent@399d82, co.pextra.fraud.TransactionEvent@f96b85, co.pextra.fraud.TransactionEvent@d8f407, co.pextra.fraud.TransactionEvent@1c0036b, co.pextra.fraud.TransactionEvent@1814b1c, co.pextra.fraud.TransactionEvent@c9af2a, co.pextra.fraud.TransactionEvent@1b004b8, co.pextra.fraud.TransactionEvent@e89bfe, co.pextra.fraud.TransactionEvent@12ce654, co.pextra.fraud.TransactionEvent@2ba524, co.pextra.fraud.TransactionEvent@1c5ee1d, co.pextra.fraud.TransactionEvent@1cea7b0, co.pextra.fraud.TransactionEvent@1d2ed1b, co.pextra.fraud.TransactionEvent@5f7840, co.pextra.fraud.TransactionEvent@6cc850, co.pextra.fraud.TransactionEvent@7f0f0a, co.pextra.fraud.TransactionEvent@c58feb, co.pextra.fraud.TransactionEvent@1bb650b, co.pextra.fraud.TransactionEvent@16d10a4, co.pextra.fraud.TransactionEvent@1ec445c, co.pextra.fraud.TransactionEvent@104351d, co.pextra.fraud.TransactionEvent@1d18d0b, co.pextra.fraud.TransactionEvent@344b65, co.pextra.fraud.TransactionEvent@17b3edb, co.pextra.fraud.TransactionEvent@1474074, co.pextra.fraud.TransactionEvent@8531c2, co.pextra.fraud.TransactionEvent@b22fd4, co.pextra.fraud.TransactionEvent@9d5dff, co.pextra.fraud.TransactionEvent@108f438, co.pextra.fraud.TransactionEvent@bac9ba, co.pextra.fraud.TransactionEvent@12f8ab6, co.pextra.fraud.TransactionEvent@1dd5689, co.pextra.fraud.TransactionEvent@188d0fe, co.pextra.fraud.TransactionEvent@1ab3aac, co.pextra.fraud.TransactionEvent@f66455, co.pextra.fraud.TransactionEvent@1ae095c, co.pextra.fraud.TransactionEvent@c03a37, co.pextra.fraud.TransactionEvent@140e59, co.pextra.fraud.TransactionEvent@1a71302, co.pextra.fraud.TransactionEvent@d61783, co.pextra.fraud.TransactionEvent@1429fac, co.pextra.fraud.TransactionEvent@1aa341b, co.pextra.fraud.TransactionEvent@e412ef, co.pextra.fraud.TransactionEvent@e263bf, co.pextra.fraud.TransactionEvent@1103ab0, co.pextra.fraud.TransactionEvent@19ccca5, co.pextra.fraud.TransactionEvent@169d513, co.pextra.fraud.TransactionEvent@4fa1da, co.pextra.fraud.TransactionEvent@8cd519, co.pextra.fraud.TransactionEvent@192c349] )
17:11:05,213 DEBUG SCENELogger:25 - UPDATE - TYPE: co.pextra.fraud.SuspiciousSituation	HASH: 1809956374	CAST: {client=co.pextra.fraud.Client@27a6c1, transactions=[co.pextra.fraud.TransactionEvent@15a34b4, co.pextra.fraud.TransactionEvent@1bd7fe7, co.pextra.fraud.TransactionEvent@1d3ab60, co.pextra.fraud.TransactionEvent@10876a6, co.pextra.fraud.TransactionEvent@1870da7, co.pextra.fraud.TransactionEvent@1d91637, co.pextra.fraud.TransactionEvent@1792847, co.pextra.fraud.TransactionEvent@106cb08, co.pextra.fraud.TransactionEvent@25147a, co.pextra.fraud.TransactionEvent@168cb27, co.pextra.fraud.TransactionEvent@15ffd1d, co.pextra.fraud.TransactionEvent@303475, co.pextra.fraud.TransactionEvent@506c0d, co.pextra.fraud.TransactionEvent@1cca8d3, co.pextra.fraud.TransactionEvent@1631962, co.pextra.fraud.TransactionEvent@a70627, co.pextra.fraud.TransactionEvent@124287a, co.pextra.fraud.TransactionEvent@1569ebd, co.pextra.fraud.TransactionEvent@632cfc, co.pextra.fraud.TransactionEvent@1f8469, co.pextra.fraud.TransactionEvent@380628, co.pextra.fraud.TransactionEvent@1b6c624, co.pextra.fraud.TransactionEvent@af1e62, co.pextra.fraud.TransactionEvent@81fd12, co.pextra.fraud.TransactionEvent@e6a3ec, co.pextra.fraud.TransactionEvent@154de72, co.pextra.fraud.TransactionEvent@1ee96f4, co.pextra.fraud.TransactionEvent@494b6, co.pextra.fraud.TransactionEvent@12ab8d9, co.pextra.fraud.TransactionEvent@fc5d40, co.pextra.fraud.TransactionEvent@1e0301d, co.pextra.fraud.TransactionEvent@1d7bfb3, co.pextra.fraud.TransactionEvent@10b3be0, co.pextra.fraud.TransactionEvent@1eb6e1c, co.pextra.fraud.TransactionEvent@1dbd6e4, co.pextra.fraud.TransactionEvent@18bd14b, co.pextra.fraud.TransactionEvent@1f13be1, co.pextra.fraud.TransactionEvent@1303ecd, co.pextra.fraud.TransactionEvent@d3bf39, co.pextra.fraud.TransactionEvent@1a73de1, co.pextra.fraud.TransactionEvent@1852487, co.pextra.fraud.TransactionEvent@11db12c, co.pextra.fraud.TransactionEvent@fae281, co.pextra.fraud.TransactionEvent@ae880a, co.pextra.fraud.TransactionEvent@f2144, co.pextra.fraud.TransactionEvent@17078, co.pextra.fraud.TransactionEvent@1827393, co.pextra.fraud.TransactionEvent@1be4f71, co.pextra.fraud.TransactionEvent@645b43, co.pextra.fraud.TransactionEvent@1d16207, co.pextra.fraud.TransactionEvent@18d9a05, co.pextra.fraud.TransactionEvent@399d82, co.pextra.fraud.TransactionEvent@f96b85, co.pextra.fraud.TransactionEvent@d8f407, co.pextra.fraud.TransactionEvent@1c0036b, co.pextra.fraud.TransactionEvent@1814b1c, co.pextra.fraud.TransactionEvent@c9af2a, co.pextra.fraud.TransactionEvent@1b004b8, co.pextra.fraud.TransactionEvent@e89bfe, co.pextra.fraud.TransactionEvent@12ce654, co.pextra.fraud.TransactionEvent@2ba524, co.pextra.fraud.TransactionEvent@1c5ee1d, co.pextra.fraud.TransactionEvent@1cea7b0, co.pextra.fraud.TransactionEvent@1d2ed1b, co.pextra.fraud.TransactionEvent@5f7840, co.pextra.fraud.TransactionEvent@6cc850, co.pextra.fraud.TransactionEvent@7f0f0a, co.pextra.fraud.TransactionEvent@c58feb, co.pextra.fraud.TransactionEvent@1bb650b, co.pextra.fraud.TransactionEvent@16d10a4, co.pextra.fraud.TransactionEvent@1ec445c, co.pextra.fraud.TransactionEvent@104351d, co.pextra.fraud.TransactionEvent@1d18d0b, co.pextra.fraud.TransactionEvent@344b65, co.pextra.fraud.TransactionEvent@17b3edb, co.pextra.fraud.TransactionEvent@1474074, co.pextra.fraud.TransactionEvent@8531c2, co.pextra.fraud.TransactionEvent@b22fd4, co.pextra.fraud.TransactionEvent@9d5dff, co.pextra.fraud.TransactionEvent@108f438, co.pextra.fraud.TransactionEvent@bac9ba, co.pextra.fraud.TransactionEvent@12f8ab6, co.pextra.fraud.TransactionEvent@1dd5689, co.pextra.fraud.TransactionEvent@188d0fe, co.pextra.fraud.TransactionEvent@1ab3aac, co.pextra.fraud.TransactionEvent@f66455, co.pextra.fraud.TransactionEvent@1ae095c, co.pextra.fraud.TransactionEvent@c03a37, co.pextra.fraud.TransactionEvent@140e59, co.pextra.fraud.TransactionEvent@1a71302, co.pextra.fraud.TransactionEvent@d61783, co.pextra.fraud.TransactionEvent@1429fac, co.pextra.fraud.TransactionEvent@1aa341b, co.pextra.fraud.TransactionEvent@e412ef, co.pextra.fraud.TransactionEvent@e263bf, co.pextra.fraud.TransactionEvent@1103ab0, co.pextra.fraud.TransactionEvent@19ccca5, co.pextra.fraud.TransactionEvent@169d513, co.pextra.fraud.TransactionEvent@4fa1da, co.pextra.fraud.TransactionEvent@8cd519, co.pextra.fraud.TransactionEvent@192c349]}
19:03:44,552  INFO ClasspathKieProject:131 - Found kmodule: file:/C:/Users/berna/Documents/fraud-scenario/target/classes/META-INF/kmodule.xml
19:03:44,552 DEBUG ClasspathKieProject:400 - KieModule URL type=file url=/C:/Users/berna/Documents/fraud-scenario/target/classes
19:03:44,905  WARN ClasspathKieProject:289 - Unable to find pom.properties in /C:/Users/berna/Documents/fraud-scenario/target/classes
19:03:44,921  INFO ClasspathKieProject:331 - Recursed up folders, found and used pom.xml C:\Users\berna\Documents\fraud-scenario\pom.xml
19:03:44,921 DEBUG ClasspathKieProject:118 - Discovered classpath module co.pextra:fraud-detection-scenario:1.0-SNAPSHOT
19:03:44,921  INFO KieRepositoryImpl:113 - KieModule was added: FileKieModule[releaseId=co.pextra:fraud-detection-scenario:1.0-SNAPSHOT,file=C:\Users\berna\Documents\fraud-scenario\target\classes]
19:03:44,921  INFO ClasspathKieProject:131 - Found kmodule: jar:file:/C:/Users/berna/.m2/repository/br/ufes/inf/lprm/scene-core/1.1.1/scene-core-1.1.1.jar!/META-INF/kmodule.xml
19:03:44,921 DEBUG ClasspathKieProject:400 - KieModule URL type=jar url=/C:/Users/berna/.m2/repository/br/ufes/inf/lprm/scene-core/1.1.1/scene-core-1.1.1.jar
19:03:44,936  WARN ClasspathKieProject:261 - Unable to find pom.properties in /C:/Users/berna/.m2/repository/br/ufes/inf/lprm/scene-core/1.1.1/scene-core-1.1.1.jar
19:03:44,936  WARN ClasspathKieProject:231 - Unable to load pom.properties from/C:/Users/berna/.m2/repository/br/ufes/inf/lprm/scene-core/1.1.1/scene-core-1.1.1.jar
19:03:44,936  WARN ClasspathKieProject:185 - Cannot find maven pom properties for this project. Using the container's default ReleaseId
19:03:44,968 DEBUG ClasspathKieProject:118 - Discovered classpath module org.default:artifact:1.0.0-SNAPSHOT
19:03:44,968  INFO KieRepositoryImpl:113 - KieModule was added: ZipKieModule[releaseId=org.default:artifact:1.0.0-SNAPSHOT,file=C:\Users\berna\.m2\repository\br\ufes\inf\lprm\scene-core\1.1.1\scene-core-1.1.1.jar]
19:03:46,275 ERROR AbstractKieModule:250 - Unable to build KieBaseModel:fraud-detection-scenario
[74,8]: [ERR 102] Line 74:8 mismatched input 'Activation' in rule "More than 3 suspicious cases in the day and we warn the owner"
[0,0]: Parser returned a null Package

19:03:46,430  INFO RuleTest:55 - Message [id=1, kieBase=fraud-detection-scenario, level=ERROR, path=FraudScenario.drl, line=74, column=0
   text=[ERR 102] Line 74:8 mismatched input 'Activation' in rule "More than 3 suspicious cases in the day and we warn the owner"]
19:03:46,430  INFO RuleTest:55 - Message [id=2, kieBase=fraud-detection-scenario, level=ERROR, path=FraudScenario.drl, line=0, column=0
   text=Parser returned a null Package]
19:03:46,430  INFO RuleTest:58 - Creating kieBase
19:03:46,503 DEBUG KnowledgeBaseImpl:196 - Starting Engine in PHREAK mode
19:03:46,520  INFO RuleTest:64 - There should be rules: 
19:03:46,520  INFO RuleTest:71 - Creating kieSession
19:03:46,599  INFO RuleTest:81 - Now running data
19:03:46,599 DEBUG SCENELogger:20 - INSERT - co.pextra.fraud.Client@123a3a0
19:03:46,614 DEBUG SCENELogger:20 - INSERT - co.pextra.fraud.TransactionEvent@18792db
19:03:46,614 DEBUG SCENELogger:20 - INSERT - co.pextra.fraud.TransactionEvent@bc21ac
19:03:46,614 DEBUG SCENELogger:20 - INSERT - co.pextra.fraud.TransactionEvent@13dfb8e
19:03:46,614 DEBUG SCENELogger:20 - INSERT - co.pextra.fraud.TransactionEvent@125e6bb
19:03:46,614 DEBUG SCENELogger:20 - INSERT - co.pextra.fraud.TransactionEvent@e5a68e
19:03:46,614 DEBUG SCENELogger:20 - INSERT - co.pextra.fraud.TransactionEvent@1d157ff
19:03:46,614 DEBUG SCENELogger:20 - INSERT - co.pextra.fraud.TransactionEvent@1162cc0
19:03:46,614 DEBUG SCENELogger:20 - INSERT - co.pextra.fraud.TransactionEvent@1f417a7
19:03:46,614 DEBUG SCENELogger:20 - INSERT - co.pextra.fraud.TransactionEvent@41b41
19:03:46,614 DEBUG SCENELogger:20 - INSERT - co.pextra.fraud.TransactionEvent@169d591
19:03:46,614 DEBUG SCENELogger:20 - INSERT - co.pextra.fraud.TransactionEvent@1078690
19:03:46,614 DEBUG SCENELogger:20 - INSERT - co.pextra.fraud.TransactionEvent@b3ec38
19:03:46,614 DEBUG SCENELogger:20 - INSERT - co.pextra.fraud.TransactionEvent@3132fc
19:03:46,614 DEBUG SCENELogger:20 - INSERT - co.pextra.fraud.TransactionEvent@1c5b236
19:03:46,614 DEBUG SCENELogger:20 - INSERT - co.pextra.fraud.TransactionEvent@ab9998
19:03:46,614 DEBUG SCENELogger:20 - INSERT - co.pextra.fraud.Client@17a7219
19:03:46,614 DEBUG SCENELogger:20 - INSERT - co.pextra.fraud.TransactionEvent@9513d8
19:03:46,614 DEBUG SCENELogger:20 - INSERT - co.pextra.fraud.TransactionEvent@1d593e
19:03:46,614 DEBUG SCENELogger:20 - INSERT - co.pextra.fraud.Client@8a60bc
19:03:54,483  INFO ClasspathKieProject:131 - Found kmodule: file:/C:/Users/berna/Documents/fraud-scenario/target/classes/META-INF/kmodule.xml
19:03:54,498 DEBUG ClasspathKieProject:400 - KieModule URL type=file url=/C:/Users/berna/Documents/fraud-scenario/target/classes
19:03:54,761  WARN ClasspathKieProject:289 - Unable to find pom.properties in /C:/Users/berna/Documents/fraud-scenario/target/classes
19:03:54,770  INFO ClasspathKieProject:331 - Recursed up folders, found and used pom.xml C:\Users\berna\Documents\fraud-scenario\pom.xml
19:03:54,773 DEBUG ClasspathKieProject:118 - Discovered classpath module co.pextra:fraud-detection-scenario:1.0-SNAPSHOT
19:03:54,779  INFO KieRepositoryImpl:113 - KieModule was added: FileKieModule[releaseId=co.pextra:fraud-detection-scenario:1.0-SNAPSHOT,file=C:\Users\berna\Documents\fraud-scenario\target\classes]
19:03:54,779  INFO ClasspathKieProject:131 - Found kmodule: jar:file:/C:/Users/berna/.m2/repository/br/ufes/inf/lprm/scene-core/1.1.1/scene-core-1.1.1.jar!/META-INF/kmodule.xml
19:03:54,780 DEBUG ClasspathKieProject:400 - KieModule URL type=jar url=/C:/Users/berna/.m2/repository/br/ufes/inf/lprm/scene-core/1.1.1/scene-core-1.1.1.jar
19:03:54,788  WARN ClasspathKieProject:261 - Unable to find pom.properties in /C:/Users/berna/.m2/repository/br/ufes/inf/lprm/scene-core/1.1.1/scene-core-1.1.1.jar
19:03:54,788  WARN ClasspathKieProject:231 - Unable to load pom.properties from/C:/Users/berna/.m2/repository/br/ufes/inf/lprm/scene-core/1.1.1/scene-core-1.1.1.jar
19:03:54,788  WARN ClasspathKieProject:185 - Cannot find maven pom properties for this project. Using the container's default ReleaseId
19:03:54,788 DEBUG ClasspathKieProject:118 - Discovered classpath module org.default:artifact:1.0.0-SNAPSHOT
19:03:54,788  INFO KieRepositoryImpl:113 - KieModule was added: ZipKieModule[releaseId=org.default:artifact:1.0.0-SNAPSHOT,file=C:\Users\berna\.m2\repository\br\ufes\inf\lprm\scene-core\1.1.1\scene-core-1.1.1.jar]
19:03:56,161 ERROR AbstractKieModule:250 - Unable to build KieBaseModel:fraud-detection-scenario
[74,29]: [ERR 102] Line 74:29 mismatched input '=' in rule "More than 3 suspicious cases in the day and we warn the owner"
[0,0]: Parser returned a null Package

19:03:56,328  INFO RuleTest:55 - Message [id=1, kieBase=fraud-detection-scenario, level=ERROR, path=FraudScenario.drl, line=74, column=0
   text=[ERR 102] Line 74:29 mismatched input '=' in rule "More than 3 suspicious cases in the day and we warn the owner"]
19:03:56,328  INFO RuleTest:55 - Message [id=2, kieBase=fraud-detection-scenario, level=ERROR, path=FraudScenario.drl, line=0, column=0
   text=Parser returned a null Package]
19:03:56,328  INFO RuleTest:58 - Creating kieBase
19:03:56,375 DEBUG KnowledgeBaseImpl:196 - Starting Engine in PHREAK mode
19:03:56,419  INFO RuleTest:64 - There should be rules: 
19:03:56,420  INFO RuleTest:71 - Creating kieSession
19:03:56,482  INFO RuleTest:81 - Now running data
19:03:56,482 DEBUG SCENELogger:20 - INSERT - co.pextra.fraud.Client@123a3a0
19:03:56,498 DEBUG SCENELogger:20 - INSERT - co.pextra.fraud.TransactionEvent@18792db
19:03:56,498 DEBUG SCENELogger:20 - INSERT - co.pextra.fraud.TransactionEvent@bc21ac
19:03:56,498 DEBUG SCENELogger:20 - INSERT - co.pextra.fraud.TransactionEvent@13dfb8e
19:03:56,498 DEBUG SCENELogger:20 - INSERT - co.pextra.fraud.TransactionEvent@125e6bb
19:03:56,498 DEBUG SCENELogger:20 - INSERT - co.pextra.fraud.TransactionEvent@e5a68e
19:03:56,498 DEBUG SCENELogger:20 - INSERT - co.pextra.fraud.TransactionEvent@1d157ff
19:03:56,498 DEBUG SCENELogger:20 - INSERT - co.pextra.fraud.TransactionEvent@1162cc0
19:03:56,498 DEBUG SCENELogger:20 - INSERT - co.pextra.fraud.TransactionEvent@1f417a7
19:03:56,498 DEBUG SCENELogger:20 - INSERT - co.pextra.fraud.TransactionEvent@41b41
19:03:56,498 DEBUG SCENELogger:20 - INSERT - co.pextra.fraud.TransactionEvent@169d591
19:03:56,498 DEBUG SCENELogger:20 - INSERT - co.pextra.fraud.TransactionEvent@1078690
19:03:56,498 DEBUG SCENELogger:20 - INSERT - co.pextra.fraud.TransactionEvent@b3ec38
19:03:56,498 DEBUG SCENELogger:20 - INSERT - co.pextra.fraud.TransactionEvent@3132fc
19:03:56,498 DEBUG SCENELogger:20 - INSERT - co.pextra.fraud.TransactionEvent@1c5b236
19:03:56,498 DEBUG SCENELogger:20 - INSERT - co.pextra.fraud.TransactionEvent@ab9998
19:03:56,498 DEBUG SCENELogger:20 - INSERT - co.pextra.fraud.Client@17a7219
19:03:56,498 DEBUG SCENELogger:20 - INSERT - co.pextra.fraud.TransactionEvent@9513d8
19:03:56,498 DEBUG SCENELogger:20 - INSERT - co.pextra.fraud.TransactionEvent@1d593e
19:03:56,498 DEBUG SCENELogger:20 - INSERT - co.pextra.fraud.Client@8a60bc
